<?xml version="1.0" encoding="UTF-8"?>
<testng-results skipped="0" failed="0" ignored="0" total="1" passed="1">
  <reporter-output>
  </reporter-output>
  <suite name="Default suite" duration-ms="20518" started-at="2017-07-24T19:50:44Z" finished-at="2017-07-24T19:51:04Z">
    <groups>
    </groups>
    <test name="Default test" duration-ms="20518" started-at="2017-07-24T19:50:44Z" finished-at="2017-07-24T19:51:04Z">
      <class name="CountersTest">
        <test-method status="PASS" signature="setUp()[pri:0, instance:CountersTest@77cd7a0]" name="setUp" is-config="true" duration-ms="15109" started-at="2017-07-24T12:50:44Z" finished-at="2017-07-24T12:50:59Z">
          <reporter-output>
          </reporter-output>
        </test-method> <!-- setUp -->
        <test-method status="PASS" signature="addTen()[pri:0, instance:CountersTest@77cd7a0]" name="addTen" duration-ms="4920" started-at="2017-07-24T12:50:59Z" finished-at="2017-07-24T12:51:04Z">
          <reporter-output>
          </reporter-output>
        </test-method> <!-- addTen -->
        <test-method status="PASS" signature="tearDown()[pri:0, instance:CountersTest@77cd7a0]" name="tearDown" is-config="true" duration-ms="470" started-at="2017-07-24T12:51:04Z" finished-at="2017-07-24T12:51:04Z">
          <reporter-output>
          </reporter-output>
        </test-method> <!-- tearDown -->
      </class> <!-- CountersTest -->
    </test> <!-- Default test -->
  </suite> <!-- Default suite -->
</testng-results>
